2023-01-23 17:08:31.8975 DEBUG Hosting starting
2023-01-23 17:08:32.0436 INFO User profile is available. Using 'C:\Users\Saurabh\AppData\Local\ASP.NET\DataProtection-Keys' as key repository and Windows DPAPI to encrypt keys at rest.
2023-01-23 17:08:32.1217 DEBUG Reading data from file 'C:\Users\Saurabh\AppData\Local\ASP.NET\DataProtection-Keys\key-a468ab29-22e2-4385-8682-e4ce995b7be5.xml'.
2023-01-23 17:08:32.1522 DEBUG Found key {a468ab29-22e2-4385-8682-e4ce995b7be5}.
2023-01-23 17:08:32.1741 DEBUG Considering key {a468ab29-22e2-4385-8682-e4ce995b7be5} with expiration date 2023-03-24 17:36:11Z as default key.
2023-01-23 17:08:32.2976 DEBUG Forwarded activator type request from Microsoft.AspNetCore.DataProtection.XmlEncryption.DpapiXmlDecryptor, Microsoft.AspNetCore.DataProtection, Version=6.0.0.0, Culture=neutral, PublicKeyToken=adb9793829ddae60 to Microsoft.AspNetCore.DataProtection.XmlEncryption.DpapiXmlDecryptor, Microsoft.AspNetCore.DataProtection, Culture=neutral, PublicKeyToken=adb9793829ddae60
2023-01-23 17:08:32.3962 DEBUG Decrypting secret element using Windows DPAPI.
2023-01-23 17:08:32.3962 DEBUG Forwarded activator type request from Microsoft.AspNetCore.DataProtection.AuthenticatedEncryption.ConfigurationModel.AuthenticatedEncryptorDescriptorDeserializer, Microsoft.AspNetCore.DataProtection, Version=6.0.0.0, Culture=neutral, PublicKeyToken=adb9793829ddae60 to Microsoft.AspNetCore.DataProtection.AuthenticatedEncryption.ConfigurationModel.AuthenticatedEncryptorDescriptorDeserializer, Microsoft.AspNetCore.DataProtection, Culture=neutral, PublicKeyToken=adb9793829ddae60
2023-01-23 17:08:32.4346 DEBUG Opening CNG algorithm 'AES' from provider '(null)' with chaining mode CBC.
2023-01-23 17:08:32.5702 DEBUG Opening CNG algorithm 'SHA256' from provider '(null)' with HMAC.
2023-01-23 17:08:32.6217 DEBUG Using key {a468ab29-22e2-4385-8682-e4ce995b7be5} as the default key.
2023-01-23 17:08:32.8015 DEBUG Key ring with default key {a468ab29-22e2-4385-8682-e4ce995b7be5} was loaded during application startup.
2023-01-23 17:08:33.8967 DEBUG Failed to locate the development https certificate at '(null)'.
2023-01-23 17:08:34.0592 DEBUG Using development certificate: CN=localhost (Thumbprint: 4374B552ED1A0CDDFF4151D9251F76C2C142A608)
2023-01-23 17:08:34.1314 INFO Now listening on: https://localhost:5001
2023-01-23 17:08:34.1314 INFO Now listening on: http://localhost:5000
2023-01-23 17:08:34.1314 DEBUG Loaded hosting startup assembly Fundoo
2023-01-23 17:08:34.1314 DEBUG Loaded hosting startup assembly Microsoft.AspNetCore.Watch.BrowserRefresh
2023-01-23 17:08:34.1314 DEBUG Loaded hosting startup assembly Microsoft.WebTools.BrowserLink.Net
2023-01-23 17:08:34.1314 INFO Application started. Press Ctrl+C to shut down.
2023-01-23 17:08:34.1314 INFO Hosting environment: Development
2023-01-23 17:08:34.1314 INFO Content root path: C:\Users\Saurabh\OneDrive\Desktop\CFFF\Fundoo\Fundoo
2023-01-23 17:08:34.1416 DEBUG Hosting started
2023-01-23 17:08:37.2045 DEBUG Connection id "0HMNT6PEUK9NG" received FIN.
2023-01-23 17:08:37.2045 DEBUG Connection id "0HMNT6PEUK9NH" received FIN.
2023-01-23 17:08:37.2354 DEBUG Connection id "0HMNT6PEUK9NH" accepted.
2023-01-23 17:08:37.2354 DEBUG Connection id "0HMNT6PEUK9NG" accepted.
2023-01-23 17:08:37.2514 DEBUG Connection id "0HMNT6PEUK9NG" started.
2023-01-23 17:08:37.2514 DEBUG Connection id "0HMNT6PEUK9NH" started.
2023-01-23 17:08:37.2514 DEBUG Connection id "0HMNT6PEUK9NI" accepted.
2023-01-23 17:08:37.2514 DEBUG Connection id "0HMNT6PEUK9NI" started.
2023-01-23 17:08:37.3431 DEBUG Failed to authenticate HTTPS connection.
2023-01-23 17:08:37.3431 DEBUG Failed to authenticate HTTPS connection.
2023-01-23 17:08:37.3553 DEBUG Connection id "0HMNT6PEUK9NG" stopped.
2023-01-23 17:08:37.3553 DEBUG Connection id "0HMNT6PEUK9NH" stopped.
2023-01-23 17:08:37.3741 DEBUG Connection id "0HMNT6PEUK9NG" sending FIN because: "The Socket transport's send loop completed gracefully."
2023-01-23 17:08:37.3741 DEBUG Connection id "0HMNT6PEUK9NH" sending FIN because: "The Socket transport's send loop completed gracefully."
2023-01-23 17:08:37.4763 TRACE Connection id "0HMNT6PEUK9NI" sending SETTINGS frame for stream ID 0 with length 18 and flags NONE
2023-01-23 17:08:37.4858 TRACE Connection id "0HMNT6PEUK9NI" sending WINDOW_UPDATE frame for stream ID 0 with length 4 and flags 0x0
2023-01-23 17:08:37.4858 TRACE Connection id "0HMNT6PEUK9NI" received SETTINGS frame for stream ID 0 with length 30 and flags NONE
2023-01-23 17:08:37.4858 TRACE Connection id "0HMNT6PEUK9NI" sending SETTINGS frame for stream ID 0 with length 0 and flags ACK
2023-01-23 17:08:37.4858 TRACE Connection id "0HMNT6PEUK9NI" received WINDOW_UPDATE frame for stream ID 0 with length 4 and flags 0x0
2023-01-23 17:08:37.4858 TRACE Connection id "0HMNT6PEUK9NI" received HEADERS frame for stream ID 1 with length 450 and flags END_STREAM, END_HEADERS, PRIORITY
2023-01-23 17:08:37.5343 TRACE Connection id "0HMNT6PEUK9NI" received SETTINGS frame for stream ID 0 with length 0 and flags ACK
2023-01-23 17:08:37.5528 INFO Request starting HTTP/2 GET https://localhost:5001/swagger/index.html  
2023-01-23 17:08:37.6170 DEBUG Wildcard detected, all requests with hosts will be allowed.
2023-01-23 17:08:37.6170 TRACE All hosts are allowed.
2023-01-23 17:08:37.8509 DEBUG Response markup is scheduled to include browser refresh script injection.
2023-01-23 17:08:37.8699 TRACE Connection id "0HMNT6PEUK9NI" sending HEADERS frame for stream ID 1 with length 91 and flags END_HEADERS
2023-01-23 17:08:37.8699 TRACE Connection id "0HMNT6PEUK9NI" sending DATA frame for stream ID 1 with length 5098 and flags NONE
2023-01-23 17:08:37.8766 TRACE Connection id "0HMNT6PEUK9NI" sending DATA frame for stream ID 1 with length 65 and flags NONE
2023-01-23 17:08:37.8766 TRACE Connection id "0HMNT6PEUK9NI" sending DATA frame for stream ID 1 with length 16 and flags NONE
2023-01-23 17:08:37.8766 DEBUG Response markup was updated to include browser refresh script injection.
2023-01-23 17:08:37.8766 TRACE Connection id "0HMNT6PEUK9NI" sending DATA frame for stream ID 1 with length 0 and flags END_STREAM
2023-01-23 17:08:37.8766 INFO Request finished in 334.5986ms 200 text/html;charset=utf-8
2023-01-23 17:08:37.9231 TRACE Connection id "0HMNT6PEUK9NI" received HEADERS frame for stream ID 3 with length 108 and flags END_STREAM, END_HEADERS, PRIORITY
2023-01-23 17:08:37.9231 INFO Request starting HTTP/2 GET https://localhost:5001/_framework/aspnetcore-browser-refresh.js  
2023-01-23 17:08:37.9388 TRACE Connection id "0HMNT6PEUK9NI" sending HEADERS frame for stream ID 3 with length 151 and flags END_HEADERS
2023-01-23 17:08:37.9388 TRACE Connection id "0HMNT6PEUK9NI" sending DATA frame for stream ID 3 with length 11982 and flags NONE
2023-01-23 17:08:37.9388 TRACE Connection id "0HMNT6PEUK9NI" sending DATA frame for stream ID 3 with length 0 and flags END_STREAM
2023-01-23 17:08:37.9388 INFO Request finished in 10.2249ms 200 application/javascript; charset=utf-8
2023-01-23 17:08:37.9562 TRACE Connection id "0HMNT6PEUK9NI" received HEADERS frame for stream ID 5 with length 57 and flags END_STREAM, END_HEADERS, PRIORITY
2023-01-23 17:08:37.9562 INFO Request starting HTTP/2 GET https://localhost:5001/_vs/browserLink  
2023-01-23 17:08:37.9897 TRACE Connection id "0HMNT6PEUK9NI" sending HEADERS frame for stream ID 5 with length 196 and flags END_HEADERS
2023-01-23 17:08:37.9897 TRACE Connection id "0HMNT6PEUK9NI" sending DATA frame for stream ID 5 with length 9986 and flags NONE
2023-01-23 17:08:37.9897 TRACE Connection id "0HMNT6PEUK9NI" sending DATA frame for stream ID 5 with length 10240 and flags NONE
2023-01-23 17:08:37.9897 TRACE Connection id "0HMNT6PEUK9NI" sending DATA frame for stream ID 5 with length 10240 and flags NONE
2023-01-23 17:08:38.0027 TRACE Connection id "0HMNT6PEUK9NI" sending DATA frame for stream ID 5 with length 10240 and flags NONE
2023-01-23 17:08:38.0027 TRACE Connection id "0HMNT6PEUK9NI" sending DATA frame for stream ID 5 with length 10240 and flags NONE
2023-01-23 17:08:38.0027 TRACE Connection id "0HMNT6PEUK9NI" sending DATA frame for stream ID 5 with length 10240 and flags NONE
2023-01-23 17:08:38.0180 TRACE Connection id "0HMNT6PEUK9NI" sending DATA frame for stream ID 5 with length 10240 and flags NONE
2023-01-23 17:08:38.0180 TRACE Connection id "0HMNT6PEUK9NI" sending DATA frame for stream ID 5 with length 10240 and flags NONE
2023-01-23 17:08:38.0737 TRACE Connection id "0HMNT6PEUK9NI" sending DATA frame for stream ID 5 with length 10240 and flags NONE
2023-01-23 17:08:38.0803 TRACE Connection id "0HMNT6PEUK9NI" sending DATA frame for stream ID 5 with length 10240 and flags NONE
2023-01-23 17:08:38.0803 TRACE Connection id "0HMNT6PEUK9NI" sending DATA frame for stream ID 5 with length 10240 and flags NONE
2023-01-23 17:08:38.0803 TRACE Connection id "0HMNT6PEUK9NI" sending DATA frame for stream ID 5 with length 10240 and flags NONE
2023-01-23 17:08:38.0971 TRACE Connection id "0HMNT6PEUK9NI" sending DATA frame for stream ID 5 with length 10240 and flags NONE
2023-01-23 17:08:38.1235 TRACE Connection id "0HMNT6PEUK9NI" sending DATA frame for stream ID 5 with length 10240 and flags NONE
2023-01-23 17:08:38.1235 TRACE Connection id "0HMNT6PEUK9NI" sending DATA frame for stream ID 5 with length 10240 and flags NONE
2023-01-23 17:08:38.1374 TRACE Connection id "0HMNT6PEUK9NI" sending DATA frame for stream ID 5 with length 10240 and flags NONE
2023-01-23 17:08:38.1374 TRACE Connection id "0HMNT6PEUK9NI" sending DATA frame for stream ID 5 with length 10240 and flags NONE
2023-01-23 17:08:38.1427 TRACE Connection id "0HMNT6PEUK9NI" sending DATA frame for stream ID 5 with length 10240 and flags NONE
2023-01-23 17:08:38.1427 TRACE Connection id "0HMNT6PEUK9NI" sending DATA frame for stream ID 5 with length 10240 and flags NONE
2023-01-23 17:08:38.1427 TRACE Connection id "0HMNT6PEUK9NI" sending DATA frame for stream ID 5 with length 10240 and flags NONE
2023-01-23 17:08:38.1427 TRACE Connection id "0HMNT6PEUK9NI" sending DATA frame for stream ID 5 with length 10240 and flags NONE
2023-01-23 17:08:38.1427 TRACE Connection id "0HMNT6PEUK9NI" sending DATA frame for stream ID 5 with length 10240 and flags NONE
2023-01-23 17:08:38.1427 TRACE Connection id "0HMNT6PEUK9NI" sending DATA frame for stream ID 5 with length 10240 and flags NONE
2023-01-23 17:08:38.1427 TRACE Connection id "0HMNT6PEUK9NI" sending DATA frame for stream ID 5 with length 10240 and flags NONE
2023-01-23 17:08:38.1427 TRACE Connection id "0HMNT6PEUK9NI" sending DATA frame for stream ID 5 with length 10240 and flags NONE
2023-01-23 17:08:38.1427 TRACE Connection id "0HMNT6PEUK9NI" sending DATA frame for stream ID 5 with length 10240 and flags NONE
2023-01-23 17:08:38.1427 TRACE Connection id "0HMNT6PEUK9NI" sending DATA frame for stream ID 5 with length 10240 and flags NONE
2023-01-23 17:08:38.1427 TRACE Connection id "0HMNT6PEUK9NI" sending DATA frame for stream ID 5 with length 10240 and flags NONE
2023-01-23 17:08:38.1427 TRACE Connection id "0HMNT6PEUK9NI" sending DATA frame for stream ID 5 with length 10240 and flags NONE
2023-01-23 17:08:38.1427 TRACE Connection id "0HMNT6PEUK9NI" sending DATA frame for stream ID 5 with length 10240 and flags NONE
2023-01-23 17:08:38.1574 TRACE Connection id "0HMNT6PEUK9NI" sending DATA frame for stream ID 5 with length 10240 and flags NONE
2023-01-23 17:08:38.1574 TRACE Connection id "0HMNT6PEUK9NI" sending DATA frame for stream ID 5 with length 10240 and flags NONE
2023-01-23 17:08:38.1574 TRACE Connection id "0HMNT6PEUK9NI" sending DATA frame for stream ID 5 with length 10240 and flags NONE
2023-01-23 17:08:38.1574 TRACE Connection id "0HMNT6PEUK9NI" sending DATA frame for stream ID 5 with length 10240 and flags NONE
2023-01-23 17:08:38.1574 TRACE Connection id "0HMNT6PEUK9NI" sending DATA frame for stream ID 5 with length 10240 and flags NONE
2023-01-23 17:08:38.1574 TRACE Connection id "0HMNT6PEUK9NI" sending DATA frame for stream ID 5 with length 10240 and flags NONE
2023-01-23 17:08:38.1574 TRACE Connection id "0HMNT6PEUK9NI" sending DATA frame for stream ID 5 with length 10240 and flags NONE
2023-01-23 17:08:38.1574 TRACE Connection id "0HMNT6PEUK9NI" sending DATA frame for stream ID 5 with length 10240 and flags NONE
2023-01-23 17:08:38.1758 TRACE Connection id "0HMNT6PEUK9NI" sending DATA frame for stream ID 5 with length 10240 and flags NONE
2023-01-23 17:08:38.1758 TRACE Connection id "0HMNT6PEUK9NI" sending DATA frame for stream ID 5 with length 10240 and flags NONE
2023-01-23 17:08:38.1758 TRACE Connection id "0HMNT6PEUK9NI" sending DATA frame for stream ID 5 with length 10240 and flags NONE
2023-01-23 17:08:38.1758 TRACE Connection id "0HMNT6PEUK9NI" sending DATA frame for stream ID 5 with length 10240 and flags NONE
2023-01-23 17:08:38.1758 TRACE Connection id "0HMNT6PEUK9NI" sending DATA frame for stream ID 5 with length 10240 and flags NONE
2023-01-23 17:08:38.1904 TRACE Connection id "0HMNT6PEUK9NI" sending DATA frame for stream ID 5 with length 10240 and flags NONE
2023-01-23 17:08:38.1904 TRACE Connection id "0HMNT6PEUK9NI" sending DATA frame for stream ID 5 with length 10240 and flags NONE
2023-01-23 17:08:38.1904 TRACE Connection id "0HMNT6PEUK9NI" sending DATA frame for stream ID 5 with length 10240 and flags NONE
2023-01-23 17:08:38.1904 TRACE Connection id "0HMNT6PEUK9NI" sending DATA frame for stream ID 5 with length 10240 and flags NONE
2023-01-23 17:08:38.1904 TRACE Connection id "0HMNT6PEUK9NI" sending DATA frame for stream ID 5 with length 10240 and flags NONE
2023-01-23 17:08:38.1904 TRACE Connection id "0HMNT6PEUK9NI" sending DATA frame for stream ID 5 with length 10240 and flags NONE
2023-01-23 17:08:38.1904 TRACE Connection id "0HMNT6PEUK9NI" sending DATA frame for stream ID 5 with length 10240 and flags NONE
2023-01-23 17:08:38.1904 TRACE Connection id "0HMNT6PEUK9NI" sending DATA frame for stream ID 5 with length 10240 and flags NONE
2023-01-23 17:08:38.1904 TRACE Connection id "0HMNT6PEUK9NI" sending DATA frame for stream ID 5 with length 10240 and flags NONE
2023-01-23 17:08:38.1904 TRACE Connection id "0HMNT6PEUK9NI" sending DATA frame for stream ID 5 with length 10240 and flags NONE
2023-01-23 17:08:38.1904 TRACE Connection id "0HMNT6PEUK9NI" sending DATA frame for stream ID 5 with length 10240 and flags NONE
2023-01-23 17:08:38.2043 TRACE Connection id "0HMNT6PEUK9NI" sending DATA frame for stream ID 5 with length 10240 and flags NONE
2023-01-23 17:08:38.2043 TRACE Connection id "0HMNT6PEUK9NI" sending DATA frame for stream ID 5 with length 10240 and flags NONE
2023-01-23 17:08:38.2043 TRACE Connection id "0HMNT6PEUK9NI" sending DATA frame for stream ID 5 with length 10240 and flags NONE
2023-01-23 17:08:38.2043 TRACE Connection id "0HMNT6PEUK9NI" sending DATA frame for stream ID 5 with length 10240 and flags NONE
2023-01-23 17:08:38.2043 TRACE Connection id "0HMNT6PEUK9NI" sending DATA frame for stream ID 5 with length 10240 and flags NONE
2023-01-23 17:08:38.2043 TRACE Connection id "0HMNT6PEUK9NI" sending DATA frame for stream ID 5 with length 10240 and flags NONE
2023-01-23 17:08:38.2043 TRACE Connection id "0HMNT6PEUK9NI" sending DATA frame for stream ID 5 with length 10240 and flags NONE
2023-01-23 17:08:38.2043 TRACE Connection id "0HMNT6PEUK9NI" sending DATA frame for stream ID 5 with length 10240 and flags NONE
2023-01-23 17:08:38.2043 TRACE Connection id "0HMNT6PEUK9NI" sending DATA frame for stream ID 5 with length 10240 and flags NONE
2023-01-23 17:08:38.2043 TRACE Connection id "0HMNT6PEUK9NI" sending DATA frame for stream ID 5 with length 10240 and flags NONE
2023-01-23 17:08:38.2043 TRACE Connection id "0HMNT6PEUK9NI" sending DATA frame for stream ID 5 with length 10240 and flags NONE
2023-01-23 17:08:38.2043 TRACE Connection id "0HMNT6PEUK9NI" sending DATA frame for stream ID 5 with length 10240 and flags NONE
2023-01-23 17:08:38.2043 TRACE Connection id "0HMNT6PEUK9NI" sending DATA frame for stream ID 5 with length 10240 and flags NONE
2023-01-23 17:08:38.2043 TRACE Connection id "0HMNT6PEUK9NI" sending DATA frame for stream ID 5 with length 10240 and flags NONE
2023-01-23 17:08:38.2043 TRACE Connection id "0HMNT6PEUK9NI" sending DATA frame for stream ID 5 with length 10240 and flags NONE
2023-01-23 17:08:38.2207 TRACE Connection id "0HMNT6PEUK9NI" sending DATA frame for stream ID 5 with length 10240 and flags NONE
2023-01-23 17:08:38.2207 TRACE Connection id "0HMNT6PEUK9NI" sending DATA frame for stream ID 5 with length 10240 and flags NONE
2023-01-23 17:08:38.2207 TRACE Connection id "0HMNT6PEUK9NI" sending DATA frame for stream ID 5 with length 10240 and flags NONE
2023-01-23 17:08:38.2207 TRACE Connection id "0HMNT6PEUK9NI" sending DATA frame for stream ID 5 with length 403 and flags NONE
2023-01-23 17:08:38.2207 TRACE Connection id "0HMNT6PEUK9NI" sending DATA frame for stream ID 5 with length 0 and flags END_STREAM
2023-01-23 17:08:38.2207 INFO Request finished in 276.4471ms 200 text/javascript; charset=UTF-8
2023-01-23 17:08:38.4746 TRACE Connection id "0HMNT6PEUK9NI" received HEADERS frame for stream ID 7 with length 66 and flags END_STREAM, END_HEADERS, PRIORITY
2023-01-23 17:08:38.4746 INFO Request starting HTTP/2 GET https://localhost:5001/swagger/v1/swagger.json  
2023-01-23 17:08:38.4746 TRACE All hosts are allowed.
2023-01-23 17:08:38.8246 TRACE Connection id "0HMNT6PEUK9NI" sending HEADERS frame for stream ID 7 with length 98 and flags END_HEADERS
2023-01-23 17:08:38.8246 TRACE Connection id "0HMNT6PEUK9NI" sending DATA frame for stream ID 7 with length 15157 and flags NONE
2023-01-23 17:08:38.8305 TRACE Connection id "0HMNT6PEUK9NI" sending DATA frame for stream ID 7 with length 0 and flags END_STREAM
2023-01-23 17:08:38.8305 INFO Request finished in 361.5993ms 200 application/json;charset=utf-8
